#
# There is insufficient memory for the Java Runtime Environment to continue.
# Native memory allocation (malloc) failed to allocate 120576 bytes. Error detail: Chunk::new
# Possible reasons:
#   The system is out of physical RAM or swap space
#   This process is running with CompressedOops enabled, and the Java Heap may be blocking the growth of the native heap
# Possible solutions:
#   Reduce memory load on the system
#   Increase physical memory or swap space
#   Check if swap backing store is full
#   Decrease Java heap size (-Xmx/-Xms)
#   Decrease number of Java threads
#   Decrease Java thread stack sizes (-Xss)
#   Set larger code cache with -XX:ReservedCodeCacheSize=
#   JVM is running with Unscaled Compressed Oops mode in which the Java heap is
#     placed in the first 4GB address space. The Java Heap base address is the
#     maximum limit for the native heap growth. Please use -XX:HeapBaseMinAddress
#     to set the Java Heap base and to place the Java Heap above 4GB virtual address.
# This output file may be truncated or incomplete.
#
#  Out of Memory Error (arena.cpp:168), pid=15148, tid=7520
#
# JRE version: OpenJDK Runtime Environment Temurin-21.0.9+10 (21.0.9+10) (build 21.0.9+10-LTS)
# Java VM: OpenJDK 64-Bit Server VM Temurin-21.0.9+10 (21.0.9+10-LTS, mixed mode, sharing, tiered, compressed oops, compressed class ptrs, parallel gc, windows-amd64)
# No core dump will be written. Minidumps are not enabled by default on client versions of Windows
#

---------------  S U M M A R Y ------------

Command Line: --add-modules=ALL-SYSTEM --add-opens=java.base/java.util=ALL-UNNAMED --add-opens=java.base/java.lang=ALL-UNNAMED --add-opens=java.base/sun.nio.fs=ALL-UNNAMED -Declipse.application=org.eclipse.jdt.ls.core.id1 -Dosgi.bundles.defaultStartLevel=4 -Declipse.product=org.eclipse.jdt.ls.core.product -Djava.import.generatesMetadataFilesAtProjectRoot=false -DDetectVMInstallationsJob.disabled=true -Dfile.encoding=utf8 -XX:+UseParallelGC -XX:GCTimeRatio=4 -XX:AdaptiveSizePolicyWeight=90 -Dsun.zip.disableMemoryMapping=true -Xmx2G -Xms100m -Xlog:disable -javaagent:c:\Users\minhm\.vscode\extensions\redhat.java-1.50.0-win32-x64\lombok\lombok-1.18.39-4050.jar -XX:+HeapDumpOnOutOfMemoryError -XX:HeapDumpPath=c:\Users\minhm\AppData\Roaming\Code\User\workspaceStorage\26fd641fc459b09a41cc3bb54dd19b8d\redhat.java -Daether.dependencyCollector.impl=bf c:\Users\minhm\.vscode\extensions\redhat.java-1.50.0-win32-x64\server\plugins\org.eclipse.equinox.launcher_1.7.100.v20251111-0406.jar -configuration c:\Users\minhm\AppData\Roaming\Code\User\globalStorage\redhat.java\1.50.0\config_win -data c:\Users\minhm\AppData\Roaming\Code\User\workspaceStorage\26fd641fc459b09a41cc3bb54dd19b8d\redhat.java\jdt_ws --pipe=\\.\pipe\lsp-881480b976f05a42e4e99aaf354fb3da-sock

Host: Intel(R) Core(TM) i3-1005G1 CPU @ 1.20GHz, 4 cores, 7G,  Windows 11 , 64 bit Build 26100 (10.0.26100.7309)
Time: Mon Dec 15 15:14:51 2025 SE Asia Standard Time elapsed time: 20.759624 seconds (0d 0h 0m 20s)

---------------  T H R E A D  ---------------

Current thread (0x000001ae607a7d50):  JavaThread "C2 CompilerThread0" daemon [_thread_in_native, id=7520, stack(0x000000479ec00000,0x000000479ed00000) (1024K)]


Current CompileTask:
C2:20759 1941   !   4       java.util.concurrent.ConcurrentHashMap::putVal (432 bytes)

Stack: [0x000000479ec00000,0x000000479ed00000]
Native frames: (J=compiled Java code, j=interpreted, Vv=VM code, C=native code)
V  [jvm.dll+0x6d6e29]
V  [jvm.dll+0x8b4b76]
V  [jvm.dll+0x8b712e]
V  [jvm.dll+0x8b7813]
V  [jvm.dll+0x283d86]
V  [jvm.dll+0xc66ed]
V  [jvm.dll+0xc6c31]
V  [jvm.dll+0x3be53b]
V  [jvm.dll+0x1e3b52]
V  [jvm.dll+0x24c0f3]
V  [jvm.dll+0x24b580]
V  [jvm.dll+0x1cb13e]
V  [jvm.dll+0x25b29d]
V  [jvm.dll+0x25982a]
V  [jvm.dll+0x3f7ea6]
V  [jvm.dll+0x85e9ad]
V  [jvm.dll+0x6d565d]
C  [ucrtbase.dll+0x37b0]
C  [KERNEL32.DLL+0x2e8d7]
C  [ntdll.dll+0x8c53c]


---------------  P R O C E S S  ---------------

Threads class SMR info:
_java_thread_list=0x000001ae7cbf1200, length=15, elements={
0x000001ae608b0680, 0x000001ae6096d140, 0x000001ae607a0700, 0x000001ae607a2d20,
0x000001ae607a3970, 0x000001ae607a64d0, 0x000001ae607a6f20, 0x000001ae607a7d50,
0x000001ae60822190, 0x000001ae7c18a210, 0x000001ae7c3c84e0, 0x000001ae7ca52580,
0x000001ae607fa9c0, 0x000001ae7c88d610, 0x000001ae7c0c1a40
}

Java Threads: ( => current thread )
  0x000001ae608b0680 JavaThread "main"                              [_thread_blocked, id=3224, stack(0x000000479e200000,0x000000479e300000) (1024K)]
  0x000001ae6096d140 JavaThread "Reference Handler"          daemon [_thread_blocked, id=12940, stack(0x000000479e600000,0x000000479e700000) (1024K)]
  0x000001ae607a0700 JavaThread "Finalizer"                  daemon [_thread_blocked, id=14928, stack(0x000000479e700000,0x000000479e800000) (1024K)]
  0x000001ae607a2d20 JavaThread "Signal Dispatcher"          daemon [_thread_blocked, id=16284, stack(0x000000479e800000,0x000000479e900000) (1024K)]
  0x000001ae607a3970 JavaThread "Attach Listener"            daemon [_thread_blocked, id=10876, stack(0x000000479e900000,0x000000479ea00000) (1024K)]
  0x000001ae607a64d0 JavaThread "Service Thread"             daemon [_thread_blocked, id=9192, stack(0x000000479ea00000,0x000000479eb00000) (1024K)]
  0x000001ae607a6f20 JavaThread "Monitor Deflation Thread"   daemon [_thread_blocked, id=12660, stack(0x000000479eb00000,0x000000479ec00000) (1024K)]
=>0x000001ae607a7d50 JavaThread "C2 CompilerThread0"         daemon [_thread_in_native, id=7520, stack(0x000000479ec00000,0x000000479ed00000) (1024K)]
  0x000001ae60822190 JavaThread "C1 CompilerThread0"         daemon [_thread_blocked, id=16572, stack(0x000000479ed00000,0x000000479ee00000) (1024K)]
  0x000001ae7c18a210 JavaThread "Common-Cleaner"             daemon [_thread_blocked, id=8464, stack(0x000000479ee00000,0x000000479ef00000) (1024K)]
  0x000001ae7c3c84e0 JavaThread "Notification Thread"        daemon [_thread_blocked, id=2728, stack(0x000000479ef00000,0x000000479f000000) (1024K)]
  0x000001ae7ca52580 JavaThread "Active Thread: Equinox Container: a403d79f-550b-4c4c-96dd-e1f03433dfac"        [_thread_blocked, id=8372, stack(0x000000479f400000,0x000000479f500000) (1024K)]
  0x000001ae607fa9c0 JavaThread "Refresh Thread: Equinox Container: a403d79f-550b-4c4c-96dd-e1f03433dfac" daemon [_thread_blocked, id=7728, stack(0x000000479f000000,0x000000479f100000) (1024K)]
  0x000001ae7c88d610 JavaThread "Framework Event Dispatcher: Equinox Container: a403d79f-550b-4c4c-96dd-e1f03433dfac" daemon [_thread_blocked, id=15444, stack(0x000000479f500000,0x000000479f600000) (1024K)]
  0x000001ae7c0c1a40 JavaThread "Start Level: Equinox Container: a403d79f-550b-4c4c-96dd-e1f03433dfac" daemon [_thread_in_vm, id=15752, stack(0x000000479f600000,0x000000479f700000) (1024K)]
Total: 15

Other Threads:
  0x000001ae6079f0c0 VMThread "VM Thread"                           [id=8488, stack(0x000000479e500000,0x000000479e600000) (1024K)]
  0x000001ae60919020 WatcherThread "VM Periodic Task Thread"        [id=14464, stack(0x000000479e400000,0x000000479e500000) (1024K)]
  0x000001ae608cea70 WorkerThread "GC Thread#0"                     [id=18196, stack(0x000000479e300000,0x000000479e400000) (1024K)]
  0x000001ae7c27dd70 WorkerThread "GC Thread#1"                     [id=17288, stack(0x000000479f100000,0x000000479f200000) (1024K)]
  0x000001ae7c27e110 WorkerThread "GC Thread#2"                     [id=13712, stack(0x000000479f200000,0x000000479f300000) (1024K)]
  0x000001ae7c27ef90 WorkerThread "GC Thread#3"                     [id=10268, stack(0x000000479f300000,0x000000479f400000) (1024K)]
Total: 6

Threads with active compile tasks:
C2 CompilerThread0  20803 1941   !   4       java.util.concurrent.ConcurrentHashMap::putVal (432 bytes)
Total: 1

VM state: not at safepoint (normal execution)

VM Mutex/Monitor currently owned by a thread: None

Heap address: 0x0000000080000000, size: 2048 MB, Compressed Oops mode: 32-bit

CDS archive(s) mapped at: [0x000001ae00000000-0x000001ae00ba0000-0x000001ae00ba0000), size 12189696, SharedBaseAddress: 0x000001ae00000000, ArchiveRelocationMode: 1.
Compressed class space mapped at: 0x000001ae01000000-0x000001ae41000000, reserved size: 1073741824
Narrow klass base: 0x000001ae00000000, Narrow klass shift: 0, Narrow klass range: 0x100000000

GC Precious Log:
 CardTable entry size: 512
 CPUs: 4 total, 4 available
 Memory: 7981M
 Large Page Support: Disabled
 NUMA Support: Disabled
 Compressed Oops: Enabled (32-bit)
 Alignments: Space 512K, Generation 512K, Heap 2M
 Heap Min Capacity: 100M
 Heap Initial Capacity: 100M
 Heap Max Capacity: 2G
 Pre-touch: Disabled
 Parallel Workers: 4

Heap:
 PSYoungGen      total 29696K, used 13466K [0x00000000d5580000, 0x00000000d7680000, 0x0000000100000000)
  eden space 25600K, 36% used [0x00000000d5580000,0x00000000d5ea9b70,0x00000000d6e80000)
  from space 4096K, 99% used [0x00000000d7280000,0x00000000d767cde8,0x00000000d7680000)
  to   space 4096K, 0% used [0x00000000d6e80000,0x00000000d6e80000,0x00000000d7280000)
 ParOldGen       total 68608K, used 1771K [0x0000000080000000, 0x0000000084300000, 0x00000000d5580000)
  object space 68608K, 2% used [0x0000000080000000,0x00000000801baf20,0x0000000084300000)
 Metaspace       used 9232K, committed 9536K, reserved 1114112K
  class space    used 995K, committed 1152K, reserved 1048576K

Card table byte_map: [0x000001ae60250000,0x000001ae60660000] _byte_map_base: 0x000001ae5fe50000

Marking Bits: (ParMarkBitMap*) 0x00007ff869092460
 Begin Bits: [0x000001ae72d60000, 0x000001ae74d60000)
 End Bits:   [0x000001ae74d60000, 0x000001ae76d60000)

Polling page: 0x000001ae5e450000

Metaspace:

Usage:
  Non-class:      8.04 MB used.
      Class:    995.16 KB used.
       Both:      9.02 MB used.

Virtual space:
  Non-class space:       64.00 MB reserved,       8.19 MB ( 13%) committed,  1 nodes.
      Class space:        1.00 GB reserved,       1.12 MB ( <1%) committed,  1 nodes.
             Both:        1.06 GB reserved,       9.31 MB ( <1%) committed. 

Chunk freelists:
   Non-Class:  6.89 MB
       Class:  14.79 MB
        Both:  21.68 MB

MaxMetaspaceSize: unlimited
CompressedClassSpaceSize: 1.00 GB
Initial GC threshold: 21.00 MB
Current GC threshold: 21.00 MB
CDS: on
 - commit_granule_bytes: 65536.
 - commit_granule_words: 8192.
 - virtual_space_node_default_size: 8388608.
 - enlarge_chunks_in_place: 1.
 - use_allocation_guard: 0.


Internal statistics:

num_allocs_failed_limit: 0.
num_arena_births: 254.
num_arena_deaths: 0.
num_vsnodes_births: 2.
num_vsnodes_deaths: 0.
num_space_committed: 149.
num_space_uncommitted: 0.
num_chunks_returned_to_freelist: 0.
num_chunks_taken_from_freelist: 502.
num_chunk_merges: 0.
num_chunk_splits: 316.
num_chunks_enlarged: 209.
num_inconsistent_stats: 0.

CodeHeap 'non-profiled nmethods': size=120000Kb used=847Kb max_used=847Kb free=119152Kb
 bounds [0x000001ae6b580000, 0x000001ae6b7f0000, 0x000001ae72ab0000]
CodeHeap 'profiled nmethods': size=120000Kb used=3657Kb max_used=3657Kb free=116342Kb
 bounds [0x000001ae63ab0000, 0x000001ae63e50000, 0x000001ae6afe0000]
CodeHeap 'non-nmethods': size=5760Kb used=1235Kb max_used=1248Kb free=4524Kb
 bounds [0x000001ae6afe0000, 0x000001ae6b250000, 0x000001ae6b580000]
CodeCache: size=245760Kb, used=5739Kb, max_used=5752Kb, free=240018Kb
 total_blobs=2452, nmethods=1960, adapters=399, full_count=0
Compilation: enabled, stopped_count=0, restarted_count=0

Compilation events (20 events):
Event: 20.722 Thread 0x000001ae60822190 1944       3       java.util.Arrays$ArrayItr::next (36 bytes)
Event: 20.722 Thread 0x000001ae60822190 nmethod 1944 0x000001ae63e35b10 code [0x000001ae63e35cc0, 0x000001ae63e35f10]
Event: 20.723 Thread 0x000001ae60822190 1945       3       java.util.concurrent.ConcurrentHashMap$KeyIterator::next (34 bytes)
Event: 20.723 Thread 0x000001ae60822190 nmethod 1945 0x000001ae63e36010 code [0x000001ae63e361e0, 0x000001ae63e36460]
Event: 20.723 Thread 0x000001ae60822190 1947       3       java.util.stream.StreamOpFlag::fromCharacteristics (37 bytes)
Event: 20.723 Thread 0x000001ae60822190 nmethod 1947 0x000001ae63e36590 code [0x000001ae63e36760, 0x000001ae63e36a80]
Event: 20.723 Thread 0x000001ae60822190 1948       3       java.util.stream.AbstractPipeline::<init> (55 bytes)
Event: 20.723 Thread 0x000001ae60822190 nmethod 1948 0x000001ae63e36b90 code [0x000001ae63e36d40, 0x000001ae63e36f70]
Event: 20.725 Thread 0x000001ae60822190 1949       3       java.util.Arrays::hashCode (56 bytes)
Event: 20.726 Thread 0x000001ae60822190 nmethod 1949 0x000001ae63e37090 code [0x000001ae63e37260, 0x000001ae63e375a0]
Event: 20.726 Thread 0x000001ae60822190 1950       3       java.lang.invoke.DirectMethodHandle::make (275 bytes)
Event: 20.727 Thread 0x000001ae60822190 nmethod 1950 0x000001ae63e37710 code [0x000001ae63e37aa0, 0x000001ae63e38da0]
Event: 20.727 Thread 0x000001ae60822190 1951       3       java.lang.invoke.MemberName::isField (8 bytes)
Event: 20.727 Thread 0x000001ae60822190 nmethod 1951 0x000001ae63e39510 code [0x000001ae63e396c0, 0x000001ae63e39888]
Event: 20.727 Thread 0x000001ae60822190 1952       3       java.lang.invoke.TypeConvertingMethodAdapter::convertType (299 bytes)
Event: 20.756 Thread 0x000001ae60822190 nmethod 1952 0x000001ae63e39910 code [0x000001ae63e39fc0, 0x000001ae63e3d978]
Event: 20.756 Thread 0x000001ae60822190 1953       3       java.util.stream.StreamSupport::stream (19 bytes)
Event: 20.756 Thread 0x000001ae60822190 nmethod 1953 0x000001ae63e3ed90 code [0x000001ae63e3ef80, 0x000001ae63e3f3b0]
Event: 20.756 Thread 0x000001ae60822190 1954       3       java.util.stream.ReferencePipeline$Head::<init> (8 bytes)
Event: 20.756 Thread 0x000001ae60822190 nmethod 1954 0x000001ae63e3f590 code [0x000001ae63e3f740, 0x000001ae63e3f8d8]

GC Heap History (4 events):
Event: 3.233 GC heap before
{Heap before GC invocations=1 (full 0):
 PSYoungGen      total 29696K, used 25600K [0x00000000d5580000, 0x00000000d7680000, 0x0000000100000000)
  eden space 25600K, 100% used [0x00000000d5580000,0x00000000d6e80000,0x00000000d6e80000)
  from space 4096K, 0% used [0x00000000d7280000,0x00000000d7280000,0x00000000d7680000)
  to   space 4096K, 0% used [0x00000000d6e80000,0x00000000d6e80000,0x00000000d7280000)
 ParOldGen       total 68608K, used 0K [0x0000000080000000, 0x0000000084300000, 0x00000000d5580000)
  object space 68608K, 0% used [0x0000000080000000,0x0000000080000000,0x0000000084300000)
 Metaspace       used 4385K, committed 4608K, reserved 1114112K
  class space    used 474K, committed 576K, reserved 1048576K
}
Event: 3.241 GC heap after
{Heap after GC invocations=1 (full 0):
 PSYoungGen      total 29696K, used 3335K [0x00000000d5580000, 0x00000000d7680000, 0x0000000100000000)
  eden space 25600K, 0% used [0x00000000d5580000,0x00000000d5580000,0x00000000d6e80000)
  from space 4096K, 81% used [0x00000000d6e80000,0x00000000d71c1e98,0x00000000d7280000)
  to   space 4096K, 0% used [0x00000000d7280000,0x00000000d7280000,0x00000000d7680000)
 ParOldGen       total 68608K, used 8K [0x0000000080000000, 0x0000000084300000, 0x00000000d5580000)
  object space 68608K, 0% used [0x0000000080000000,0x0000000080002000,0x0000000084300000)
 Metaspace       used 4385K, committed 4608K, reserved 1114112K
  class space    used 474K, committed 576K, reserved 1048576K
}
Event: 20.339 GC heap before
{Heap before GC invocations=2 (full 0):
 PSYoungGen      total 29696K, used 28923K [0x00000000d5580000, 0x00000000d7680000, 0x0000000100000000)
  eden space 25600K, 99% used [0x00000000d5580000,0x00000000d6e7cf38,0x00000000d6e80000)
  from space 4096K, 81% used [0x00000000d6e80000,0x00000000d71c1e98,0x00000000d7280000)
  to   space 4096K, 0% used [0x00000000d7280000,0x00000000d7280000,0x00000000d7680000)
 ParOldGen       total 68608K, used 8K [0x0000000080000000, 0x0000000084300000, 0x00000000d5580000)
  object space 68608K, 0% used [0x0000000080000000,0x0000000080002000,0x0000000084300000)
 Metaspace       used 8027K, committed 8320K, reserved 1114112K
  class space    used 841K, committed 960K, reserved 1048576K
}
Event: 20.346 GC heap after
{Heap after GC invocations=2 (full 0):
 PSYoungGen      total 29696K, used 4083K [0x00000000d5580000, 0x00000000d7680000, 0x0000000100000000)
  eden space 25600K, 0% used [0x00000000d5580000,0x00000000d5580000,0x00000000d6e80000)
  from space 4096K, 99% used [0x00000000d7280000,0x00000000d767cde8,0x00000000d7680000)
  to   space 4096K, 0% used [0x00000000d6e80000,0x00000000d6e80000,0x00000000d7280000)
 ParOldGen       total 68608K, used 1771K [0x0000000080000000, 0x0000000084300000, 0x00000000d5580000)
  object space 68608K, 2% used [0x0000000080000000,0x00000000801baf20,0x0000000084300000)
 Metaspace       used 8027K, committed 8320K, reserved 1114112K
  class space    used 841K, committed 960K, reserved 1048576K
}

Dll operation events (9 events):
Event: 0.018 Loaded shared library c:\Users\minhm\.vscode\extensions\redhat.java-1.50.0-win32-x64\jre\21.0.9-win32-x86_64\bin\java.dll
Event: 0.203 Loaded shared library c:\Users\minhm\.vscode\extensions\redhat.java-1.50.0-win32-x64\jre\21.0.9-win32-x86_64\bin\zip.dll
Event: 0.241 Loaded shared library C:\Users\minhm\.vscode\extensions\redhat.java-1.50.0-win32-x64\jre\21.0.9-win32-x86_64\bin\instrument.dll
Event: 0.247 Loaded shared library C:\Users\minhm\.vscode\extensions\redhat.java-1.50.0-win32-x64\jre\21.0.9-win32-x86_64\bin\net.dll
Event: 0.250 Loaded shared library C:\Users\minhm\.vscode\extensions\redhat.java-1.50.0-win32-x64\jre\21.0.9-win32-x86_64\bin\nio.dll
Event: 0.256 Loaded shared library C:\Users\minhm\.vscode\extensions\redhat.java-1.50.0-win32-x64\jre\21.0.9-win32-x86_64\bin\zip.dll
Event: 0.290 Loaded shared library C:\Users\minhm\.vscode\extensions\redhat.java-1.50.0-win32-x64\jre\21.0.9-win32-x86_64\bin\jimage.dll
Event: 1.325 Loaded shared library c:\Users\minhm\.vscode\extensions\redhat.java-1.50.0-win32-x64\jre\21.0.9-win32-x86_64\bin\verify.dll
Event: 20.481 Loaded shared library C:\Users\minhm\AppData\Roaming\Code\User\globalStorage\redhat.java\1.50.0\config_win\org.eclipse.equinox.launcher\org.eclipse.equinox.launcher.win32.win32.x86_64_1.2.1400.v20250801-0854\eclipse_11916.dll

Deoptimization events (20 events):
Event: 20.373 Thread 0x000001ae607fa9c0 Uncommon trap: trap_request=0xffffff45 fr.pc=0x000001ae6b603160 relative=0x0000000000000040
Event: 20.374 Thread 0x000001ae607fa9c0 Uncommon trap: reason=unstable_if action=reinterpret pc=0x000001ae6b603160 method=java.util.concurrent.locks.AbstractQueuedSynchronizer.signalNext(Ljava/util/concurrent/locks/AbstractQueuedSynchronizer$Node;)V @ 1 c2
Event: 20.374 Thread 0x000001ae607fa9c0 DEOPT PACKING pc=0x000001ae6b603160 sp=0x000000479f0feb90
Event: 20.374 Thread 0x000001ae607fa9c0 DEOPT UNPACKING pc=0x000001ae6b036da2 sp=0x000000479f0feb20 mode 2
Event: 20.395 Thread 0x000001ae607fa9c0 Uncommon trap: trap_request=0xffffffde fr.pc=0x000001ae6b630c38 relative=0x00000000000008d8
Event: 20.395 Thread 0x000001ae607fa9c0 Uncommon trap: reason=class_check action=maybe_recompile pc=0x000001ae6b630c38 method=java.util.HashMap.putVal(ILjava/lang/Object;Ljava/lang/Object;ZZ)Ljava/lang/Object; @ 253 c2
Event: 20.395 Thread 0x000001ae607fa9c0 DEOPT PACKING pc=0x000001ae6b630c38 sp=0x000000479f0feaf0
Event: 20.395 Thread 0x000001ae607fa9c0 DEOPT UNPACKING pc=0x000001ae6b036da2 sp=0x000000479f0fe988 mode 2
Event: 20.498 Thread 0x000001ae7c0c1a40 Uncommon trap: trap_request=0xffffff6e fr.pc=0x000001ae6b5f6db0 relative=0x0000000000000370
Event: 20.498 Thread 0x000001ae7c0c1a40 Uncommon trap: reason=loop_limit_check action=maybe_recompile pc=0x000001ae6b5f6db0 method=java.lang.StringLatin1.indexOf([BI[BII)I @ 37 c2
Event: 20.498 Thread 0x000001ae7c0c1a40 DEOPT PACKING pc=0x000001ae6b5f6db0 sp=0x000000479f6fcd90
Event: 20.498 Thread 0x000001ae7c0c1a40 DEOPT UNPACKING pc=0x000001ae6b036da2 sp=0x000000479f6fccf0 mode 2
Event: 20.582 Thread 0x000001ae7c0c1a40 Uncommon trap: trap_request=0xffffff45 fr.pc=0x000001ae6b603b34 relative=0x0000000000000094
Event: 20.582 Thread 0x000001ae7c0c1a40 Uncommon trap: reason=unstable_if action=reinterpret pc=0x000001ae6b603b34 method=java.io.BufferedInputStream.getBufIfOpen(Z)[B @ 13 c2
Event: 20.582 Thread 0x000001ae7c0c1a40 DEOPT PACKING pc=0x000001ae6b603b34 sp=0x000000479f6fdca0
Event: 20.582 Thread 0x000001ae7c0c1a40 DEOPT UNPACKING pc=0x000001ae6b036da2 sp=0x000000479f6fdc20 mode 2
Event: 20.587 Thread 0x000001ae7c0c1a40 Uncommon trap: trap_request=0xffffff45 fr.pc=0x000001ae6b63c0c4 relative=0x0000000000000f84
Event: 20.587 Thread 0x000001ae7c0c1a40 Uncommon trap: reason=unstable_if action=reinterpret pc=0x000001ae6b63c0c4 method=java.lang.String.<init>(Ljava/nio/charset/Charset;[BII)V @ 6 c2
Event: 20.587 Thread 0x000001ae7c0c1a40 DEOPT PACKING pc=0x000001ae6b63c0c4 sp=0x000000479f6fdc40
Event: 20.587 Thread 0x000001ae7c0c1a40 DEOPT UNPACKING pc=0x000001ae6b036da2 sp=0x000000479f6fdbf0 mode 2

Classes loaded (20 events):
Event: 20.720 Loading class java/time/zone/TzdbZoneRulesProvider
Event: 20.720 Loading class java/time/zone/TzdbZoneRulesProvider done
Event: 20.723 Loading class java/time/zone/Ser
Event: 20.723 Loading class java/io/Externalizable
Event: 20.724 Loading class java/io/Externalizable done
Event: 20.724 Loading class java/time/zone/Ser done
Event: 20.725 Loading class java/util/logging/LogRecord$CallerFinder
Event: 20.725 Loading class java/util/logging/LogRecord$CallerFinder done
Event: 20.727 Loading class java/lang/StackStreamFactory
Event: 20.727 Loading class java/lang/StackStreamFactory done
Event: 20.727 Loading class java/lang/StackWalker$ExtendedOption
Event: 20.728 Loading class java/lang/StackWalker$ExtendedOption done
Event: 20.728 Loading class java/lang/StackStreamFactory$StackFrameTraverser
Event: 20.728 Loading class java/lang/StackStreamFactory$StackFrameTraverser done
Event: 20.728 Loading class java/lang/StackStreamFactory$WalkerState
Event: 20.728 Loading class java/lang/StackStreamFactory$WalkerState done
Event: 20.729 Loading class java/lang/StackStreamFactory$StackFrameTraverser$StackFrameBuffer
Event: 20.729 Loading class java/lang/StackStreamFactory$FrameBuffer
Event: 20.729 Loading class java/lang/StackStreamFactory$FrameBuffer done
Event: 20.729 Loading class java/lang/StackStreamFactory$StackFrameTraverser$StackFrameBuffer done

Classes unloaded (0 events):
No events

Classes redefined (0 events):
No events

Internal exceptions (20 events):
Event: 3.247 Thread 0x000001ae608b0680 Exception <a 'java/io/FileNotFoundException'{0x00000000d559e638}> (0x00000000d559e638) 
thrown [s\src\hotspot\share\prims\jni.cpp, line 520]
Event: 3.340 Thread 0x000001ae608b0680 Implicit null exception at 0x000001ae6b5df329 to 0x000001ae6b5dfbc8
Event: 3.340 Thread 0x000001ae608b0680 Implicit null exception at 0x000001ae6b5eb69a to 0x000001ae6b5eb8a0
Event: 3.341 Thread 0x000001ae608b0680 Exception <a 'java/lang/NoSuchMethodError'{0x00000000d56cd750}: 'void java.lang.invoke.DirectMethodHandle$Holder.invokeStatic(java.lang.Object, java.lang.Object, java.lang.Object, java.lang.Object)'> (0x00000000d56cd750) 
thrown [s\src\hotspot\share\interpreter\linkResolver.cpp, line 773]
Event: 3.343 Thread 0x000001ae608b0680 Implicit null exception at 0x000001ae6b5e273c to 0x000001ae6b5e29c8
Event: 3.343 Thread 0x000001ae608b0680 Implicit null exception at 0x000001ae6b5ef9bd to 0x000001ae6b5efa41
Event: 3.679 Thread 0x000001ae608b0680 Exception <a 'java/lang/NoSuchMethodError'{0x00000000d59a4378}: 'void java.lang.invoke.DirectMethodHandle$Holder.invokeSpecial(java.lang.Object, java.lang.Object, java.lang.Object)'> (0x00000000d59a4378) 
thrown [s\src\hotspot\share\interpreter\linkResolver.cpp, line 773]
Event: 4.097 Thread 0x000001ae608b0680 Exception <a 'java/lang/NoSuchMethodError'{0x00000000d63945a8}: 'int java.lang.invoke.DirectMethodHandle$Holder.invokeVirtual(java.lang.Object, java.lang.Object)'> (0x00000000d63945a8) 
thrown [s\src\hotspot\share\interpreter\linkResolver.cpp, line 773]
Event: 4.190 Thread 0x000001ae608b0680 Exception <a 'java/lang/NoSuchMethodError'{0x00000000d650a6a0}: 'int java.lang.invoke.DirectMethodHandle$Holder.invokeStaticInit(java.lang.Object, java.lang.Object, java.lang.Object, java.lang.Object)'> (0x00000000d650a6a0) 
thrown [s\src\hotspot\share\interpreter\linkResolver.cpp, line 773]
Event: 4.191 Thread 0x000001ae608b0680 Exception <a 'java/lang/IncompatibleClassChangeError'{0x00000000d6512aa8}: Found class java.lang.Object, but interface was expected> (0x00000000d6512aa8) 
thrown [s\src\hotspot\share\interpreter\linkResolver.cpp, line 840]
Event: 4.192 Thread 0x000001ae608b0680 Exception <a 'java/lang/NoSuchMethodError'{0x00000000d6519058}: 'void java.lang.invoke.DirectMethodHandle$Holder.invokeStaticInit(java.lang.Object, java.lang.Object)'> (0x00000000d6519058) 
thrown [s\src\hotspot\share\interpreter\linkResolver.cpp, line 773]
Event: 4.193 Thread 0x000001ae608b0680 Exception <a 'java/lang/NoSuchMethodError'{0x00000000d6522290}: 'int java.lang.invoke.DirectMethodHandle$Holder.invokeStaticInit(java.lang.Object, java.lang.Object)'> (0x00000000d6522290) 
thrown [s\src\hotspot\share\interpreter\linkResolver.cpp, line 773]
Event: 4.256 Thread 0x000001ae608b0680 Exception <a 'java/lang/NoSuchMethodError'{0x00000000d6768550}: 'java.lang.Object java.lang.invoke.DirectMethodHandle$Holder.newInvokeSpecial(java.lang.Object, int, java.lang.Object)'> (0x00000000d6768550) 
thrown [s\src\hotspot\share\interpreter\linkResolver.cpp, line 773]
Event: 4.351 Thread 0x000001ae608b0680 Exception <a 'java/lang/ClassNotFoundException'{0x00000000d697ef78}: sun/net/www/protocol/plurl/Handler> (0x00000000d697ef78) 
thrown [s\src\hotspot\share\classfile\systemDictionary.cpp, line 312]
Event: 4.351 Thread 0x000001ae608b0680 Exception <a 'java/lang/ClassNotFoundException'{0x00000000d697fdf8}: sun/net/www/protocol/plurl/Handler> (0x00000000d697fdf8) 
thrown [s\src\hotspot\share\classfile\systemDictionary.cpp, line 312]
Event: 20.338 Thread 0x000001ae608b0680 Exception <a 'java/lang/UnsatisfiedLinkError'{0x00000000d6dfcb08}: 'void org.eclipse.equinox.launcher.JNIBridge._update_splash()'> (0x00000000d6dfcb08) 
thrown [s\src\hotspot\share\prims\nativeLookup.cpp, line 415]
Event: 20.429 Thread 0x000001ae607fa9c0 Exception <a 'java/lang/NoSuchMethodError'{0x00000000d5836670}: 'void java.lang.invoke.DirectMethodHandle$Holder.invokeInterface(java.lang.Object, java.lang.Object, java.lang.Object)'> (0x00000000d5836670) 
thrown [s\src\hotspot\share\interpreter\linkResolver.cpp, line 773]
Event: 20.672 Thread 0x000001ae7c0c1a40 Exception <a 'java/lang/NoSuchMethodError'{0x00000000d5be8820}: 'java.lang.Object java.lang.invoke.DirectMethodHandle$Holder.newInvokeSpecial(java.lang.Object, java.lang.Object, int, java.lang.Object)'> (0x00000000d5be8820) 
thrown [s\src\hotspot\share\interpreter\linkResolver.cpp, line 773]
Event: 20.672 Thread 0x000001ae7c0c1a40 Exception <a 'java/lang/NoSuchMethodError'{0x00000000d5bec650}: 'java.lang.Object java.lang.invoke.DirectMethodHandle$Holder.invokeSpecial(java.lang.Object, java.lang.Object, java.lang.Object, int, java.lang.Object)'> (0x00000000d5bec650) 
thrown [s\src\hotspot\share\interpreter\linkResolver.cpp, line 773]
Event: 20.699 Thread 0x000001ae7c0c1a40 Exception <a 'java/lang/NoClassDefFoundError'{0x00000000d5c93488}: jakarta/servlet/ServletContainerInitializer> (0x00000000d5c93488) 
thrown [s\src\hotspot\share\classfile\systemDictionary.cpp, line 301]

ZGC Phase Switch (0 events):
No events

VM Operations (20 events):
Event: 3.233 Executing VM operation: ParallelGCFailedAllocation (Allocation Failure)
Event: 3.241 Executing VM operation: ParallelGCFailedAllocation (Allocation Failure) done
Event: 4.226 Executing VM operation: HandshakeAllThreads (Deoptimize)
Event: 4.226 Executing VM operation: HandshakeAllThreads (Deoptimize) done
Event: 4.239 Executing VM operation: HandshakeAllThreads (Deoptimize)
Event: 4.239 Executing VM operation: HandshakeAllThreads (Deoptimize) done
Event: 4.326 Executing VM operation: HandshakeAllThreads (Deoptimize)
Event: 4.326 Executing VM operation: HandshakeAllThreads (Deoptimize) done
Event: 4.326 Executing VM operation: Cleanup
Event: 4.326 Executing VM operation: Cleanup done
Event: 4.344 Executing VM operation: HandshakeAllThreads (Deoptimize)
Event: 4.344 Executing VM operation: HandshakeAllThreads (Deoptimize) done
Event: 5.356 Executing VM operation: Cleanup
Event: 5.356 Executing VM operation: Cleanup done
Event: 6.369 Executing VM operation: Cleanup
Event: 6.369 Executing VM operation: Cleanup done
Event: 20.339 Executing VM operation: ParallelGCFailedAllocation (Allocation Failure)
Event: 20.346 Executing VM operation: ParallelGCFailedAllocation (Allocation Failure) done
Event: 20.719 Executing VM operation: HandshakeAllThreads (Deoptimize)
Event: 20.719 Executing VM operation: HandshakeAllThreads (Deoptimize) done

Memory protections (0 events):
No events

Nmethod flushes (0 events):
No events

Events (19 events):
Event: 0.038 Thread 0x000001ae608b0680 Thread added: 0x000001ae608b0680
Event: 0.091 Thread 0x000001ae608b0680 Thread added: 0x000001ae6096d140
Event: 0.092 Thread 0x000001ae608b0680 Thread added: 0x000001ae607a0700
Event: 0.093 Thread 0x000001ae608b0680 Thread added: 0x000001ae607a2d20
Event: 0.093 Thread 0x000001ae608b0680 Thread added: 0x000001ae607a3970
Event: 0.093 Thread 0x000001ae608b0680 Thread added: 0x000001ae607a64d0
Event: 0.093 Thread 0x000001ae608b0680 Thread added: 0x000001ae607a6f20
Event: 0.094 Thread 0x000001ae608b0680 Thread added: 0x000001ae607a7d50
Event: 0.100 Thread 0x000001ae608b0680 Thread added: 0x000001ae60822190
Event: 0.243 Thread 0x000001ae608b0680 Thread added: 0x000001ae7c18a210
Event: 1.979 Thread 0x000001ae608b0680 Thread added: 0x000001ae7c3c84e0
Event: 2.475 Thread 0x000001ae60822190 Thread added: 0x000001ae7c4c2e90
Event: 3.471 Thread 0x000001ae7c4c2e90 Thread exited: 0x000001ae7c4c2e90
Event: 3.760 Thread 0x000001ae60822190 Thread added: 0x000001ae7c414c50
Event: 4.207 Thread 0x000001ae608b0680 Thread added: 0x000001ae7ca52580
Event: 4.359 Thread 0x000001ae7c414c50 Thread exited: 0x000001ae7c414c50
Event: 20.332 Thread 0x000001ae608b0680 Thread added: 0x000001ae607fa9c0
Event: 20.434 Thread 0x000001ae607fa9c0 Thread added: 0x000001ae7c88d610
Event: 20.488 Thread 0x000001ae608b0680 Thread added: 0x000001ae7c0c1a40


Dynamic libraries:
0x00007ff60b010000 - 0x00007ff60b01e000 	c:\Users\minhm\.vscode\extensions\redhat.java-1.50.0-win32-x64\jre\21.0.9-win32-x86_64\bin\java.exe
0x00007ff912d40000 - 0x00007ff912fa7000 	C:\WINDOWS\SYSTEM32\ntdll.dll
0x00007ff911bc0000 - 0x00007ff911c89000 	C:\WINDOWS\System32\KERNEL32.DLL
0x00007ff9104e0000 - 0x00007ff9108cf000 	C:\WINDOWS\System32\KERNELBASE.dll
0x00007ff9108e0000 - 0x00007ff910a2b000 	C:\WINDOWS\System32\ucrtbase.dll
0x00007ff8dc570000 - 0x00007ff8dc588000 	c:\Users\minhm\.vscode\extensions\redhat.java-1.50.0-win32-x64\jre\21.0.9-win32-x86_64\bin\jli.dll
0x00007ff9119f0000 - 0x00007ff911bb5000 	C:\WINDOWS\System32\USER32.dll
0x00007ff9104b0000 - 0x00007ff9104d7000 	C:\WINDOWS\System32\win32u.dll
0x00007ff912390000 - 0x00007ff9123bb000 	C:\WINDOWS\System32\GDI32.dll
0x00007ff910210000 - 0x00007ff91033c000 	C:\WINDOWS\System32\gdi32full.dll
0x00007ff910400000 - 0x00007ff9104a3000 	C:\WINDOWS\System32\msvcp_win.dll
0x00007ff8da2a0000 - 0x00007ff8da2be000 	c:\Users\minhm\.vscode\extensions\redhat.java-1.50.0-win32-x64\jre\21.0.9-win32-x86_64\bin\VCRUNTIME140.dll
0x00007ff8fb5c0000 - 0x00007ff8fb853000 	C:\WINDOWS\WinSxS\amd64_microsoft.windows.common-controls_6595b64144ccf1df_6.0.26100.7309_none_3e05feeae336a044\COMCTL32.dll
0x00007ff910f90000 - 0x00007ff911039000 	C:\WINDOWS\System32\msvcrt.dll
0x00007ff912070000 - 0x00007ff9120a1000 	C:\WINDOWS\System32\IMM32.DLL
0x00007ff8ef590000 - 0x00007ff8ef59c000 	c:\Users\minhm\.vscode\extensions\redhat.java-1.50.0-win32-x64\jre\21.0.9-win32-x86_64\bin\vcruntime140_1.dll
0x00007ff8b0270000 - 0x00007ff8b02fd000 	c:\Users\minhm\.vscode\extensions\redhat.java-1.50.0-win32-x64\jre\21.0.9-win32-x86_64\bin\msvcp140.dll
0x00007ff8683d0000 - 0x00007ff869170000 	c:\Users\minhm\.vscode\extensions\redhat.java-1.50.0-win32-x64\jre\21.0.9-win32-x86_64\bin\server\jvm.dll
0x00007ff912c40000 - 0x00007ff912cf4000 	C:\WINDOWS\System32\ADVAPI32.dll
0x00007ff911cf0000 - 0x00007ff911d96000 	C:\WINDOWS\System32\sechost.dll
0x00007ff912220000 - 0x00007ff912338000 	C:\WINDOWS\System32\RPCRT4.dll
0x00007ff912bb0000 - 0x00007ff912c24000 	C:\WINDOWS\System32\WS2_32.dll
0x00007ff90fd10000 - 0x00007ff90fd6e000 	C:\WINDOWS\SYSTEM32\POWRPROF.dll
0x00007ff8fcc70000 - 0x00007ff8fcca5000 	C:\WINDOWS\SYSTEM32\WINMM.dll
0x00007ff9007d0000 - 0x00007ff9007db000 	C:\WINDOWS\SYSTEM32\VERSION.dll
0x00007ff90fcf0000 - 0x00007ff90fd04000 	C:\WINDOWS\SYSTEM32\UMPDC.dll
0x00007ff90ec40000 - 0x00007ff90ec5b000 	C:\WINDOWS\SYSTEM32\kernel.appcore.dll
0x00007ff8eeb70000 - 0x00007ff8eeb7a000 	c:\Users\minhm\.vscode\extensions\redhat.java-1.50.0-win32-x64\jre\21.0.9-win32-x86_64\bin\jimage.dll
0x00007ff90d870000 - 0x00007ff90dab2000 	C:\WINDOWS\SYSTEM32\DBGHELP.DLL
0x00007ff910b00000 - 0x00007ff910e85000 	C:\WINDOWS\System32\combase.dll
0x00007ff911db0000 - 0x00007ff911e86000 	C:\WINDOWS\System32\OLEAUT32.dll
0x00007ff8f0880000 - 0x00007ff8f08bc000 	C:\WINDOWS\SYSTEM32\dbgcore.DLL
0x00007ff910a30000 - 0x00007ff910ad5000 	C:\WINDOWS\System32\bcryptPrimitives.dll
0x00007ff8e5780000 - 0x00007ff8e578f000 	c:\Users\minhm\.vscode\extensions\redhat.java-1.50.0-win32-x64\jre\21.0.9-win32-x86_64\bin\instrument.dll
0x00007ff8b84b0000 - 0x00007ff8b84d0000 	c:\Users\minhm\.vscode\extensions\redhat.java-1.50.0-win32-x64\jre\21.0.9-win32-x86_64\bin\java.dll
0x00007ff911040000 - 0x00007ff911793000 	C:\WINDOWS\System32\SHELL32.dll
0x00007ff9100a0000 - 0x00007ff91020a000 	C:\WINDOWS\System32\wintypes.dll
0x00007ff90dad0000 - 0x00007ff90e32e000 	C:\WINDOWS\SYSTEM32\windows.storage.dll
0x00007ff910e90000 - 0x00007ff910f85000 	C:\WINDOWS\System32\SHCORE.dll
0x00007ff912b40000 - 0x00007ff912ba6000 	C:\WINDOWS\System32\shlwapi.dll
0x00007ff90fdb0000 - 0x00007ff90fdd9000 	C:\WINDOWS\SYSTEM32\profapi.dll
0x00007ff8b8320000 - 0x00007ff8b8338000 	c:\Users\minhm\.vscode\extensions\redhat.java-1.50.0-win32-x64\jre\21.0.9-win32-x86_64\bin\zip.dll
0x00007ff8ea730000 - 0x00007ff8ea740000 	C:\Users\minhm\.vscode\extensions\redhat.java-1.50.0-win32-x64\jre\21.0.9-win32-x86_64\bin\net.dll
0x00007ff9012a0000 - 0x00007ff9013c8000 	C:\WINDOWS\SYSTEM32\WINHTTP.dll
0x00007ff90f1b0000 - 0x00007ff90f21b000 	C:\WINDOWS\system32\mswsock.dll
0x00007ff8b8300000 - 0x00007ff8b8316000 	C:\Users\minhm\.vscode\extensions\redhat.java-1.50.0-win32-x64\jre\21.0.9-win32-x86_64\bin\nio.dll
0x00007ff8dd810000 - 0x00007ff8dd820000 	c:\Users\minhm\.vscode\extensions\redhat.java-1.50.0-win32-x64\jre\21.0.9-win32-x86_64\bin\verify.dll
0x00007ff8adb50000 - 0x00007ff8adb94000 	C:\Users\minhm\AppData\Roaming\Code\User\globalStorage\redhat.java\1.50.0\config_win\org.eclipse.equinox.launcher\org.eclipse.equinox.launcher.win32.win32.x86_64_1.2.1400.v20250801-0854\eclipse_11916.dll
0x00007ff911820000 - 0x00007ff9119b7000 	C:\WINDOWS\System32\ole32.dll

JVMTI agents:
c:\Users\minhm\.vscode\extensions\redhat.java-1.50.0-win32-x64\lombok\lombok-1.18.39-4050.jar path:c:\Users\minhm\.vscode\extensions\redhat.java-1.50.0-win32-x64\jre\21.0.9-win32-x86_64\bin\instrument.dll, loaded, initialized, instrumentlib options:none

dbghelp: loaded successfully - version: 4.0.5 - missing functions: none
symbol engine: initialized successfully - sym options: 0x614 - pdb path: .;c:\Users\minhm\.vscode\extensions\redhat.java-1.50.0-win32-x64\jre\21.0.9-win32-x86_64\bin;C:\WINDOWS\SYSTEM32;C:\WINDOWS\WinSxS\amd64_microsoft.windows.common-controls_6595b64144ccf1df_6.0.26100.7309_none_3e05feeae336a044;c:\Users\minhm\.vscode\extensions\redhat.java-1.50.0-win32-x64\jre\21.0.9-win32-x86_64\bin\server;C:\Users\minhm\AppData\Roaming\Code\User\globalStorage\redhat.java\1.50.0\config_win\org.eclipse.equinox.launcher\org.eclipse.equinox.launcher.win32.win32.x86_64_1.2.1400.v20250801-0854

VM Arguments:
jvm_args: --add-modules=ALL-SYSTEM --add-opens=java.base/java.util=ALL-UNNAMED --add-opens=java.base/java.lang=ALL-UNNAMED --add-opens=java.base/sun.nio.fs=ALL-UNNAMED -Declipse.application=org.eclipse.jdt.ls.core.id1 -Dosgi.bundles.defaultStartLevel=4 -Declipse.product=org.eclipse.jdt.ls.core.product -Djava.import.generatesMetadataFilesAtProjectRoot=false -DDetectVMInstallationsJob.disabled=true -Dfile.encoding=utf8 -XX:+UseParallelGC -XX:GCTimeRatio=4 -XX:AdaptiveSizePolicyWeight=90 -Dsun.zip.disableMemoryMapping=true -Xmx2G -Xms100m -Xlog:disable -javaagent:c:\Users\minhm\.vscode\extensions\redhat.java-1.50.0-win32-x64\lombok\lombok-1.18.39-4050.jar -XX:+HeapDumpOnOutOfMemoryError -XX:HeapDumpPath=c:\Users\minhm\AppData\Roaming\Code\User\workspaceStorage\26fd641fc459b09a41cc3bb54dd19b8d\redhat.java -Daether.dependencyCollector.impl=bf 
java_command: c:\Users\minhm\.vscode\extensions\redhat.java-1.50.0-win32-x64\server\plugins\org.eclipse.equinox.launcher_1.7.100.v20251111-0406.jar -configuration c:\Users\minhm\AppData\Roaming\Code\User\globalStorage\redhat.java\1.50.0\config_win -data c:\Users\minhm\AppData\Roaming\Code\User\workspaceStorage\26fd641fc459b09a41cc3bb54dd19b8d\redhat.java\jdt_ws --pipe=\\.\pipe\lsp-881480b976f05a42e4e99aaf354fb3da-sock
java_class_path (initial): c:\Users\minhm\.vscode\extensions\redhat.java-1.50.0-win32-x64\server\plugins\org.eclipse.equinox.launcher_1.7.100.v20251111-0406.jar
Launcher Type: SUN_STANDARD

[Global flags]
    uintx AdaptiveSizePolicyWeight                 = 90                                        {product} {command line}
     intx CICompilerCount                          = 3                                         {product} {ergonomic}
    uintx GCTimeRatio                              = 4                                         {product} {command line}
     bool HeapDumpOnOutOfMemoryError               = true                                   {manageable} {command line}
    ccstr HeapDumpPath                             = c:\Users\minhm\AppData\Roaming\Code\User\workspaceStorage\26fd641fc459b09a41cc3bb54dd19b8d\redhat.java         {manageable} {command line}
   size_t InitialHeapSize                          = 104857600                                 {product} {command line}
   size_t MaxHeapSize                              = 2147483648                                {product} {command line}
   size_t MaxNewSize                               = 715653120                                 {product} {ergonomic}
   size_t MinHeapDeltaBytes                        = 524288                                    {product} {ergonomic}
   size_t MinHeapSize                              = 104857600                                 {product} {command line}
   size_t NewSize                                  = 34603008                                  {product} {ergonomic}
    uintx NonNMethodCodeHeapSize                   = 5832780                                {pd product} {ergonomic}
    uintx NonProfiledCodeHeapSize                  = 122912730                              {pd product} {ergonomic}
   size_t OldSize                                  = 70254592                                  {product} {ergonomic}
    uintx ProfiledCodeHeapSize                     = 122912730                              {pd product} {ergonomic}
    uintx ReservedCodeCacheSize                    = 251658240                              {pd product} {ergonomic}
     bool SegmentedCodeCache                       = true                                      {product} {ergonomic}
   size_t SoftMaxHeapSize                          = 2147483648                             {manageable} {ergonomic}
     bool UseCompressedOops                        = true                           {product lp64_product} {ergonomic}
     bool UseLargePagesIndividualAllocation        = false                                  {pd product} {ergonomic}
     bool UseParallelGC                            = true                                      {product} {command line}

Logging:
Log output configuration:
 #0: stdout all=off uptime,level,tags foldmultilines=false
 #1: stderr all=off uptime,level,tags foldmultilines=false

Release file:
JAVA_VERSION="21.0.9" 
MODULES="java.base java.compiler java.datatransfer java.xml java.prefs java.desktop java.instrument java.logging java.management java.security.sasl java.naming java.rmi java.management.rmi java.net.http java.scripting java.security.jgss java.transaction.xa java.sql java.sql.rowset java.xml.crypto java.se java.smartcardio jdk.accessibility jdk.internal.jvmstat jdk.attach jdk.charsets jdk.internal.opt jdk.zipfs jdk.compiler jdk.crypto.ec jdk.crypto.cryptoki jdk.crypto.mscapi jdk.dynalink jdk.internal.ed jdk.editpad jdk.hotspot.agent jdk.httpserver jdk.internal.le jdk.internal.vm.ci jdk.internal.vm.compiler jdk.internal.vm.compiler.management jdk.jartool jdk.javadoc jdk.jcmd jdk.management jdk.management.agent jdk.jconsole jdk.jdeps jdk.jdwp.agent jdk.jdi jdk.jfr jdk.jshell jdk.jsobject jdk.jstatd jdk.localedata jdk.management.jfr jdk.naming.dns jdk.naming.rmi jdk.net jdk.nio.mapmode jdk.random jdk.sctp jdk.security.auth jdk.security.jgss jdk.unsupported jdk.unsupported.desktop jdk.xml.dom" 

Environment Variables:
PATH=D:\CV2\opencv\build\x64\vc16\bin;C:\Program Files (x86)\Common Files\Oracle\Java\javapath;C:\WINDOWS\system32;C:\WINDOWS;C:\WINDOWS\System32\Wbem;C:\WINDOWS\System32\WindowsPowerShell\v1.0\;C:\WINDOWS\System32\OpenSSH\;C:\Program Files (x86)\Microsoft SQL Server\160\Tools\Binn\;C:\Program Files\Microsoft SQL Server\160\Tools\Binn\;C:\Program Files\Microsoft SQL Server\Client SDK\ODBC\170\Tools\Binn\;C:\Program Files\Microsoft SQL Server\160\DTS\Binn\;C:\Program Files (x86)\Microsoft SQL Server\160\DTS\Binn\;C:\Program Files\Azure Data Studio\bin;C:\Program Files\Microsoft SQL Server\150\Tools\Binn\;D:\page;C:\Program Files\dotnet\;C:\Program Files (x86)\Windows Kits\10\Windows Performance Toolkit\;D:\nvm;D:\nodejs;D:\Git\cmd;C:\Users\minhm\AppData\Local\Programs\Python\Python312\Scripts\;C:\Users\minhm\AppData\Local\Programs\Python\Python312\;C:\Users\minhm\AppData\Local\Programs\Python\Launcher\;C:\Users\minhm\AppData\Local\Microsoft\WindowsApps;C:\Program Files\Azure Data Studio\bin;C:\ProgramData\minhm\GitHubDesktop\bin;C:\Users\minhm\.dotnet\tools;D:\nvm;D:\nodejs;D:\VScode\Microsoft VS Code\bin;C:\Users\minhm\AppData\Local\GitHubDesktop\bin;D:\Antigravity\bin
USERNAME=minhm
OS=Windows_NT
PROCESSOR_IDENTIFIER=Intel64 Family 6 Model 126 Stepping 5, GenuineIntel
TMP=C:\Users\minhm\AppData\Local\Temp
TEMP=C:\Users\minhm\AppData\Local\Temp




Periodic native trim disabled

---------------  S Y S T E M  ---------------

OS:
 Windows 11 , 64 bit Build 26100 (10.0.26100.7309)
OS uptime: 0 days 5:12 hours

CPU: total 4 (initial active 4) (2 cores per cpu, 2 threads per core) family 6 model 126 stepping 5 microcode 0x86, cx8, cmov, fxsr, ht, mmx, 3dnowpref, sse, sse2, sse3, ssse3, sse4.1, sse4.2, popcnt, lzcnt, tsc, tscinvbit, avx, avx2, aes, erms, clmul, bmi1, bmi2, adx, avx512f, avx512dq, avx512cd, avx512bw, avx512vl, sha, fma, vzeroupper, avx512_vpopcntdq, avx512_vpclmulqdq, avx512_vaes, avx512_vnni, clflush, clflushopt, avx512_vbmi2, avx512_vbmi, rdtscp, rdpid, fsrm, gfni, avx512_bitalg, f16c, pku, avx512_ifma
Processor Information for the first 4 processors :
  Max Mhz: 1190, Current Mhz: 1190, Mhz Limit: 1190

Memory: 4k page, system-wide physical 7981M (786M free)
TotalPageFile size 14125M (AvailPageFile size 0M)
current process WorkingSet (physical memory assigned to process): 95M, peak: 95M
current process commit charge ("private bytes"): 226M, peak: 227M

vm_info: OpenJDK 64-Bit Server VM (21.0.9+10-LTS) for windows-amd64 JRE (21.0.9+10-LTS), built on 2025-10-21T00:00:00Z by "admin" with unknown MS VC++:1942

END.
